FOODIE/apps/build/intermediates/navigation_json/debug/manifest_merge_blame_file/debug/manifest-merger-blame-debug-report.txt
1<?xml version="1.0" encoding="utf-8"?>
2<manifest xmlns:android="http://schemas.android.com/apk/res/android"
3    package="com.example.foodapp"
4    android:versionCode="1"
5    android:versionName="1.0" >
6
7    <uses-sdk
8        android:minSdkVersion="19"
8-->src\main\AndroidManifest.xml
9        android:targetSdkVersion="30" />
9-->src\main\AndroidManifest.xml
10
11    <uses-permission android:name="android.permission.INTERNET" /> <!-- Although the *SdkVersion is captured in gradle build files, this is required for non gradle builds -->
11-->[com.firebaseui:firebase-ui-database:4.3.2] AndroidManifest.xml:11:5-67
11-->[com.firebaseui:firebase-ui-database:4.3.2] AndroidManifest.xml:11:22-64
12    <!-- <uses-sdk android:minSdkVersion="14"/> -->
13    <uses-permission android:name="android.permission.ACCESS_NETWORK_STATE" />
13-->[com.google.firebase:firebase-database:20.0.2] AndroidManifest.xml:25:5-79
13-->[com.google.firebase:firebase-database:20.0.2] AndroidManifest.xml:25:22-76
14    <uses-permission android:name="android.permission.WAKE_LOCK" />
14-->[com.google.android.gms:play-services-measurement-api:19.0.1] AndroidManifest.xml:24:5-68
14-->[com.google.android.gms:play-services-measurement-api:19.0.1] AndroidManifest.xml:24:22-65
15
16    <uses-feature
16-->[com.google.android.gms:play-services-maps:17.0.0] AndroidManifest.xml:26:5-28:35
17        android:glEsVersion="0x00020000"
17-->[com.google.android.gms:play-services-maps:17.0.0] AndroidManifest.xml:27:9-41
18        android:required="true" />
18-->[com.google.android.gms:play-services-maps:17.0.0] AndroidManifest.xml:28:9-32
19
20    <uses-permission android:name="com.google.android.finsky.permission.BIND_GET_INSTALL_REFERRER_SERVICE" />
20-->[com.google.android.gms:play-services-measurement:19.0.1] AndroidManifest.xml:26:5-110
20-->[com.google.android.gms:play-services-measurement:19.0.1] AndroidManifest.xml:26:22-107
21
22    <application
22-->src\main\AndroidManifest.xml:6:5-37:19
23        android:name="androidx.multidex.MultiDexApplication"
24        android:allowBackup="true"
24-->src\main\AndroidManifest.xml:7:9-35
25        android:appComponentFactory="androidx.core.app.CoreComponentFactory"
25-->[androidx.core:core:1.5.0] AndroidManifest.xml:24:18-86
26        android:debuggable="true"
27        android:icon="@mipmap/ic_launcher"
27-->src\main\AndroidManifest.xml:8:9-43
28        android:label="@string/app_name"
28-->src\main\AndroidManifest.xml:9:9-41
29        android:roundIcon="@mipmap/ic_launcher_round"
29-->src\main\AndroidManifest.xml:10:9-54
30        android:supportsRtl="true"
30-->src\main\AndroidManifest.xml:11:9-35
31        android:testOnly="true"
32        android:theme="@style/Theme.AppCompat.Light.NoActionBar" >
32-->src\main\AndroidManifest.xml:12:9-65
33        <activity android:name="com.example.foodapp.OrdersActivity" />
33-->src\main\AndroidManifest.xml:14:9-61
33-->src\main\AndroidManifest.xml:14:19-49
34        <activity android:name="com.example.foodapp.PaymentActivity" />
34-->src\main\AndroidManifest.xml:15:9-53
34-->src\main\AndroidManifest.xml:15:19-50
35        <activity android:name="com.example.foodapp.ConfirmFinalOrderActivity" />
35-->src\main\AndroidManifest.xml:16:9-63
35-->src\main\AndroidManifest.xml:16:19-60
36        <activity android:name="com.example.foodapp.CartActivity" />
36-->src\main\AndroidManifest.xml:17:9-50
36-->src\main\AndroidManifest.xml:17:19-47
37        <activity android:name="com.example.foodapp.ProductDetailsActivity" />
37-->src\main\AndroidManifest.xml:18:9-60
37-->src\main\AndroidManifest.xml:18:19-57
38        <activity
38-->src\main\AndroidManifest.xml:19:9-23:64
39            android:name="com.example.foodapp.HomeActivity"
39-->src\main\AndroidManifest.xml:20:13-41
40            android:exported="true"
40-->src\main\AndroidManifest.xml:21:13-36
41            android:label="@string/title_activity_home"
41-->src\main\AndroidManifest.xml:22:13-56
42            android:theme="@style/Theme.Foodapp.NoActionBar" />
42-->src\main\AndroidManifest.xml:23:13-61
43        <activity android:name="com.example.foodapp.RegisterActivity" />
43-->src\main\AndroidManifest.xml:24:9-54
43-->src\main\AndroidManifest.xml:24:19-51
44        <activity android:name="com.example.foodapp.LoginActivity" />
44-->src\main\AndroidManifest.xml:25:9-51
44-->src\main\AndroidManifest.xml:25:19-48
45        <activity android:name="com.example.foodapp.MainActivity" >
45-->src\main\AndroidManifest.xml:26:9-32:20
45-->src\main\AndroidManifest.xml:26:19-47
46            <intent-filter>
46-->src\main\AndroidManifest.xml:27:13-31:29
47                <action android:name="android.intent.action.MAIN" />
47-->src\main\AndroidManifest.xml:28:17-69
47-->src\main\AndroidManifest.xml:28:25-66
48
49                <category android:name="android.intent.category.LAUNCHER" />
49-->src\main\AndroidManifest.xml:30:17-77
49-->src\main\AndroidManifest.xml:30:27-74
50            </intent-filter>
51        </activity>
52
53        <meta-data
53-->src\main\AndroidManifest.xml:34:9-36:55
54            android:name="com.razorpay.ApiKey"
54-->src\main\AndroidManifest.xml:35:13-47
55            android:value="rzp_test_qsxL2mujQZRrbI" />
55-->src\main\AndroidManifest.xml:36:13-52
56
57        <service
57-->[com.google.firebase:firebase-database:20.0.2] AndroidManifest.xml:29:9-35:19
58            android:name="com.google.firebase.components.ComponentDiscoveryService"
58-->[com.google.firebase:firebase-database:20.0.2] AndroidManifest.xml:30:13-84
59            android:directBootAware="true"
59-->[com.google.firebase:firebase-common:20.0.0] AndroidManifest.xml:35:13-43
60            android:exported="false" >
60-->[com.google.firebase:firebase-database:20.0.2] AndroidManifest.xml:31:13-37
61            <meta-data
61-->[com.google.firebase:firebase-database:20.0.2] AndroidManifest.xml:32:13-34:85
62                android:name="com.google.firebase.components:com.google.firebase.database.DatabaseRegistrar"
62-->[com.google.firebase:firebase-database:20.0.2] AndroidManifest.xml:33:17-109
63                android:value="com.google.firebase.components.ComponentRegistrar" />
63-->[com.google.firebase:firebase-database:20.0.2] AndroidManifest.xml:34:17-82
64            <meta-data
64-->[com.google.android.gms:play-services-measurement-api:19.0.1] AndroidManifest.xml:30:13-32:85
65                android:name="com.google.firebase.components:com.google.firebase.analytics.connector.internal.AnalyticsConnectorRegistrar"
65-->[com.google.android.gms:play-services-measurement-api:19.0.1] AndroidManifest.xml:31:17-139
66                android:value="com.google.firebase.components.ComponentRegistrar" />
66-->[com.google.android.gms:play-services-measurement-api:19.0.1] AndroidManifest.xml:32:17-82
67            <meta-data
67-->[com.google.firebase:firebase-installations:17.0.0] AndroidManifest.xml:18:13-20:85
68                android:name="com.google.firebase.components:com.google.firebase.installations.FirebaseInstallationsRegistrar"
68-->[com.google.firebase:firebase-installations:17.0.0] AndroidManifest.xml:19:17-127
69                android:value="com.google.firebase.components.ComponentRegistrar" />
69-->[com.google.firebase:firebase-installations:17.0.0] AndroidManifest.xml:20:17-82
70        </service>
71
72        <provider
72-->[com.squareup.picasso:picasso:2.71828] AndroidManifest.xml:8:9-11:40
73            android:name="com.squareup.picasso.PicassoProvider"
73-->[com.squareup.picasso:picasso:2.71828] AndroidManifest.xml:9:13-64
74            android:authorities="com.example.foodapp.com.squareup.picasso"
74-->[com.squareup.picasso:picasso:2.71828] AndroidManifest.xml:10:13-72
75            android:exported="false" />
75-->[com.squareup.picasso:picasso:2.71828] AndroidManifest.xml:11:13-37
76
77        <receiver android:name="com.razorpay.RzpTokenReceiver" >
77-->[com.razorpay:checkout:1.6.12] AndroidManifest.xml:12:9-16:20
77-->[com.razorpay:checkout:1.6.12] AndroidManifest.xml:12:19-63
78            <intent-filter>
78-->[com.razorpay:checkout:1.6.12] AndroidManifest.xml:13:13-15:29
79                <action android:name="rzp.device_token.share" />
79-->[com.razorpay:checkout:1.6.12] AndroidManifest.xml:14:17-65
79-->[com.razorpay:checkout:1.6.12] AndroidManifest.xml:14:25-62
80            </intent-filter>
81        </receiver>
82
83        <activity
83-->[com.razorpay:checkout:1.6.12] AndroidManifest.xml:18:9-29:20
84            android:name="com.razorpay.CheckoutActivity"
84-->[com.razorpay:checkout:1.6.12] AndroidManifest.xml:19:13-57
85            android:configChanges="keyboard|keyboardHidden|orientation|screenSize"
85-->[com.razorpay:checkout:1.6.12] AndroidManifest.xml:20:13-83
86            android:theme="@style/CheckoutTheme" >
86-->[com.razorpay:checkout:1.6.12] AndroidManifest.xml:21:13-49
87            <intent-filter>
87-->[com.razorpay:checkout:1.6.12] AndroidManifest.xml:22:13-28:29
88                <action android:name="android.intent.action.MAIN" />
88-->src\main\AndroidManifest.xml:28:17-69
88-->src\main\AndroidManifest.xml:28:25-66
89
90                <data
90-->[com.razorpay:checkout:1.6.12] AndroidManifest.xml:25:17-27:47
91                    android:host="rzp.io"
91-->[com.razorpay:checkout:1.6.12] AndroidManifest.xml:26:21-42
92                    android:scheme="io.rzp" />
92-->[com.razorpay:checkout:1.6.12] AndroidManifest.xml:27:21-44
93            </intent-filter>
94        </activity>
95
96        <meta-data
96-->[com.razorpay:checkout:1.6.12] AndroidManifest.xml:31:9-33:58
97            android:name="com.razorpay.plugin.googlepay_all"
97-->[com.razorpay:checkout:1.6.12] AndroidManifest.xml:32:13-61
98            android:value="com.razorpay.RzpGpayMerged" />
98-->[com.razorpay:checkout:1.6.12] AndroidManifest.xml:33:13-55
99
100        <provider
100-->[com.google.firebase:firebase-common:20.0.0] AndroidManifest.xml:26:9-31:39
101            android:name="com.google.firebase.provider.FirebaseInitProvider"
101-->[com.google.firebase:firebase-common:20.0.0] AndroidManifest.xml:27:13-77
102            android:authorities="com.example.foodapp.firebaseinitprovider"
102-->[com.google.firebase:firebase-common:20.0.0] AndroidManifest.xml:28:13-72
103            android:directBootAware="true"
103-->[com.google.firebase:firebase-common:20.0.0] AndroidManifest.xml:29:13-43
104            android:exported="false"
104-->[com.google.firebase:firebase-common:20.0.0] AndroidManifest.xml:30:13-37
105            android:initOrder="100" />
105-->[com.google.firebase:firebase-common:20.0.0] AndroidManifest.xml:31:13-36
106
107        <activity
107-->[com.google.android.gms:play-services-auth:17.0.0] AndroidManifest.xml:23:9-27:75
108            android:name="com.google.android.gms.auth.api.signin.internal.SignInHubActivity"
108-->[com.google.android.gms:play-services-auth:17.0.0] AndroidManifest.xml:24:13-93
109            android:excludeFromRecents="true"
109-->[com.google.android.gms:play-services-auth:17.0.0] AndroidManifest.xml:25:13-46
110            android:exported="false"
110-->[com.google.android.gms:play-services-auth:17.0.0] AndroidManifest.xml:26:13-37
111            android:theme="@android:style/Theme.Translucent.NoTitleBar" />
111-->[com.google.android.gms:play-services-auth:17.0.0] AndroidManifest.xml:27:13-72
112        <!--
113            Service handling Google Sign-In user revocation. For apps that do not integrate with
114            Google Sign-In, this service will never be started.
115        -->
116        <service
116-->[com.google.android.gms:play-services-auth:17.0.0] AndroidManifest.xml:33:9-36:110
117            android:name="com.google.android.gms.auth.api.signin.RevocationBoundService"
117-->[com.google.android.gms:play-services-auth:17.0.0] AndroidManifest.xml:34:13-89
118            android:exported="true"
118-->[com.google.android.gms:play-services-auth:17.0.0] AndroidManifest.xml:35:13-36
119            android:permission="com.google.android.gms.auth.api.signin.permission.REVOCATION_NOTIFICATION" /> <!-- Needs to be explicitly declared on P+ -->
119-->[com.google.android.gms:play-services-auth:17.0.0] AndroidManifest.xml:36:13-107
120        <uses-library
120-->[com.google.android.gms:play-services-maps:17.0.0] AndroidManifest.xml:33:9-35:40
121            android:name="org.apache.http.legacy"
121-->[com.google.android.gms:play-services-maps:17.0.0] AndroidManifest.xml:34:13-50
122            android:required="false" />
122-->[com.google.android.gms:play-services-maps:17.0.0] AndroidManifest.xml:35:13-37
123
124        <activity
124-->[com.google.android.gms:play-services-base:17.5.0] AndroidManifest.xml:23:9-26:75
125            android:name="com.google.android.gms.common.api.GoogleApiActivity"
125-->[com.google.android.gms:play-services-base:17.5.0] AndroidManifest.xml:24:13-79
126            android:exported="false"
126-->[com.google.android.gms:play-services-base:17.5.0] AndroidManifest.xml:25:13-37
127            android:theme="@android:style/Theme.Translucent.NoTitleBar" />
127-->[com.google.android.gms:play-services-base:17.5.0] AndroidManifest.xml:26:13-72
128
129        <receiver
129-->[com.google.android.gms:play-services-measurement:19.0.1] AndroidManifest.xml:29:9-33:20
130            android:name="com.google.android.gms.measurement.AppMeasurementReceiver"
130-->[com.google.android.gms:play-services-measurement:19.0.1] AndroidManifest.xml:30:13-85
131            android:enabled="true"
131-->[com.google.android.gms:play-services-measurement:19.0.1] AndroidManifest.xml:31:13-35
132            android:exported="false" >
132-->[com.google.android.gms:play-services-measurement:19.0.1] AndroidManifest.xml:32:13-37
133        </receiver>
134
135        <service
135-->[com.google.android.gms:play-services-measurement:19.0.1] AndroidManifest.xml:35:9-38:40
136            android:name="com.google.android.gms.measurement.AppMeasurementService"
136-->[com.google.android.gms:play-services-measurement:19.0.1] AndroidManifest.xml:36:13-84
137            android:enabled="true"
137-->[com.google.android.gms:play-services-measurement:19.0.1] AndroidManifest.xml:37:13-35
138            android:exported="false" />
138-->[com.google.android.gms:play-services-measurement:19.0.1] AndroidManifest.xml:38:13-37
139        <service
139-->[com.google.android.gms:play-services-measurement:19.0.1] AndroidManifest.xml:39:9-43:72
140            android:name="com.google.android.gms.measurement.AppMeasurementJobService"
140-->[com.google.android.gms:play-services-measurement:19.0.1] AndroidManifest.xml:40:13-87
141            android:enabled="true"
141-->[com.google.android.gms:play-services-measurement:19.0.1] AndroidManifest.xml:41:13-35
142            android:exported="false"
142-->[com.google.android.gms:play-services-measurement:19.0.1] AndroidManifest.xml:42:13-37
143            android:permission="android.permission.BIND_JOB_SERVICE" />
143-->[com.google.android.gms:play-services-measurement:19.0.1] AndroidManifest.xml:43:13-69
144
145        <meta-data
145-->[com.google.android.gms:play-services-basement:17.6.0] AndroidManifest.xml:23:9-25:69
146            android:name="com.google.android.gms.version"
146-->[com.google.android.gms:play-services-basement:17.6.0] AndroidManifest.xml:24:13-58
147            android:value="@integer/google_play_services_version" />
147-->[com.google.android.gms:play-services-basement:17.6.0] AndroidManifest.xml:25:13-66
148    </application>
149
150</manifest>